<?xml version="1.0" encoding="UTF-8"?>
<!-- Generated by org.testng.reporters.JUnitXMLReporter -->
<testsuite ignored="0" hostname="LAPTOP-52U6QBDA" failures="0" tests="3" name="Default test" time="7.369" errors="0" timestamp="2026-02-20T20:39:53 IST">
  <testcase classname="oAuth.RahulShettyAPI" name="getCode" time="4.421"/>
  <testcase classname="oAuth.RahulShettyAPI" name="getAccessToken" time="1.976"/>
  <testcase classname="oAuth.RahulShettyAPI" name="getInfo" time="0.939"/>
</testsuite> <!-- Default test -->
